<?xml version="1.0" encoding="UTF-8"?>
<!-- Generated by org.testng.reporters.JUnitReportReporter -->
<testsuite hostname="INL-8Q62FL3" failures="0" tests="1" name="testCases.TC002_loginTest" time="8.105" errors="0" timestamp="2025-07-21T11:28:17 IST" skipped="0">
  <testcase classname="testCases.TC002_loginTest" name="verifyLogin" time="8.105"/>
</testsuite> <!-- testCases.TC002_loginTest -->
